
**** Build of configuration Nios II for project my_software_4 ****

make all 
Info: Building ../my_software_4_bsp/
make --no-print-directory -C ../my_software_4_bsp/
[BSP build complete]
Info: Compiling main.c to obj/default/main.o
nios2-elf-gcc -xc -MP -MMD -c -I../my_software_4_bsp//HAL/inc -I../my_software_4_bsp/ -I../my_software_4_bsp//drivers/inc  -DSYSTEM_BUS_WIDTH=32 -pipe -D__hal__ -DALT_NO_INSTRUCTION_EMULATION -DALT_SINGLE_THREADED    -O0 -g -Wall   -mno-hw-div -mhw-mul -mno-hw-mulx  -o obj/default/main.o main.c
main.c: In function 'TIMER_Init':
main.c:160:2: warning: implicit declaration of function 'alt_irq_register' [-Wimplicit-function-declaration]
main.c: In function 'main':
main.c:440:21: warning: pointer targets in passing argument 1 of 'AUDIO_AdcFifoGetData' differ in signedness [-Wpointer-sign]
In file included from main.c:33:0:
AUDIO.h:87:6: note: expected 'short int *' but argument is of type 'alt_u16 *'
main.c:440:21: warning: pointer targets in passing argument 2 of 'AUDIO_AdcFifoGetData' differ in signedness [-Wpointer-sign]
In file included from main.c:33:0:
AUDIO.h:87:6: note: expected 'short int *' but argument is of type 'alt_u16 *'
Info: Linking my_software_4.elf
nios2-elf-g++  -T'../my_software_4_bsp//linker.x' -msys-crt0='../my_software_4_bsp//obj/HAL/src/crt0.o' -msys-lib=hal_bsp -L../my_software_4_bsp/   -Wl,-Map=my_software_4.map   -O0 -g -Wall   -mno-hw-div -mhw-mul -mno-hw-mulx  -o my_software_4.elf obj/default/AUDIO.o obj/default/I2C.o obj/default/LED.o obj/default/debug.o obj/default/main.o -lm 
nios2-elf-insert my_software_4.elf --thread_model hal --cpu_name cpu --qsys true --simulation_enabled false --id 0 --sidp 0x11081060 --timestamp 1387077895 --stderr_dev jtag_uart --stdin_dev jtag_uart --stdout_dev jtag_uart --sopc_system_name audio_nios --quartus_project_dir "C:/Users/Raymon/Desktop/SoCKit_Audio_12.13" --jdi C:/Users/Raymon/Desktop/SoCKit_Audio_12.13/SoCKit_Audio.jdi --sopcinfo C:/Users/Raymon/Desktop/SoCKit_Audio_12.13/audio_nios.sopcinfo
Info: (my_software_4.elf) 70 KBytes program size (code + initialized data).
Info:                     262133 KBytes free for stack + heap.
Info: Creating my_software_4.objdump
nios2-elf-objdump --disassemble --syms --all-header --source my_software_4.elf >my_software_4.objdump
[my_software_4 build complete]

**** Build Finished ****

**** Build of configuration Nios II for project my_software_4 ****

make all 
Info: Building ../my_software_4_bsp/
make --no-print-directory -C ../my_software_4_bsp/
[BSP build complete]
[my_software_4 build complete]

**** Build Finished ****

**** Build of configuration Nios II for project my_software_4 ****

make all 
Info: Building ../my_software_4_bsp/
make --no-print-directory -C ../my_software_4_bsp/
[BSP build complete]
[my_software_4 build complete]

**** Build Finished ****
