Flow report for SoCKit_Audio
Sat Dec 14 22:16:44 2013
Quartus II 64-Bit Version 13.1.0 Build 162 10/23/2013 SJ Web Edition


---------------------
; Table of Contents ;
---------------------
  1. Legal Notice
  2. Flow Summary
  3. Flow Settings
  4. Flow Non-Default Global Settings
  5. Flow Elapsed Time
  6. Flow OS Summary
  7. Flow Log
  8. Flow Messages
  9. Flow Suppressed Messages



----------------
; Legal Notice ;
----------------
Copyright (C) 1991-2013 Altera Corporation
Your use of Altera Corporation's design tools, logic functions 
and other software and tools, and its AMPP partner logic 
functions, and any output files from any of the foregoing 
(including device programming or simulation files), and any 
associated documentation or information are expressly subject 
to the terms and conditions of the Altera Program License 
Subscription Agreement, Altera MegaCore Function License 
Agreement, or other applicable license agreement, including, 
without limitation, that your use is for the sole purpose of 
programming logic devices manufactured by Altera and sold by 
Altera or its authorized distributors.  Please refer to the 
applicable agreement for further details.



+------------------------------------------------------------------------------+
; Flow Summary                                                                 ;
+---------------------------------+--------------------------------------------+
; Flow Status                     ; Successful - Sat Dec 14 22:12:32 2013      ;
; Quartus II 64-Bit Version       ; 13.1.0 Build 162 10/23/2013 SJ Web Edition ;
; Revision Name                   ; SoCKit_Audio                               ;
; Top-level Entity Name           ; SoCKit_Audio                               ;
; Family                          ; Cyclone V                                  ;
; Device                          ; 5CSXFC6D6F31C8ES                           ;
; Timing Models                   ; Preliminary                                ;
; Logic utilization (in ALMs)     ; 5,874 / 41,910 ( 14 % )                    ;
; Total registers                 ; 9254                                       ;
; Total pins                      ; 238 / 499 ( 48 % )                         ;
; Total virtual pins              ; 0                                          ;
; Total block memory bits         ; 1,863,552 / 5,662,720 ( 33 % )             ;
; Total DSP Blocks                ; 2 / 112 ( 2 % )                            ;
; Total HSSI RX PCSs              ; 0 / 9 ( 0 % )                              ;
; Total HSSI PMA RX Deserializers ; 0 / 9 ( 0 % )                              ;
; Total HSSI TX PCSs              ; 0 / 9 ( 0 % )                              ;
; Total HSSI TX Channels          ; 0 / 9 ( 0 % )                              ;
; Total PLLs                      ; 3 / 15 ( 20 % )                            ;
; Total DLLs                      ; 1 / 4 ( 25 % )                             ;
+---------------------------------+--------------------------------------------+


+-----------------------------------------+
; Flow Settings                           ;
+-------------------+---------------------+
; Option            ; Setting             ;
+-------------------+---------------------+
; Start date & time ; 12/14/2013 21:47:08 ;
; Main task         ; Compilation         ;
; Revision Name     ; SoCKit_Audio        ;
+-------------------+---------------------+


+-------------------------------------------------------------------------------------------------------------------------------------------------------------------------------------+
; Flow Non-Default Global Settings                                                                                                                                                    ;
+---------------------------------------+--------------------------------------------------------------+---------------+-------------------------------------------------+------------+
; Assignment Name                       ; Value                                                        ; Default Value ; Entity Name                                     ; Section Id ;
+---------------------------------------+--------------------------------------------------------------+---------------+-------------------------------------------------+------------+
; COMPILER_SIGNATURE_ID                 ; 202898066905394.138707922844516                              ; --            ; --                                              ; --         ;
; ECO_REGENERATE_REPORT                 ; On                                                           ; Off           ; --                                              ; --         ;
; IP_TOOL_ENV                           ; Qsys                                                         ; --            ; afi_mux_ddr3_ddrx                               ; --         ;
; IP_TOOL_ENV                           ; Qsys                                                         ; --            ; alt_mem_ddrx_mm_st_converter                    ; --         ;
; IP_TOOL_ENV                           ; Qsys                                                         ; --            ; alt_mem_if_nextgen_ddr3_controller_core         ; --         ;
; IP_TOOL_ENV                           ; Qsys                                                         ; --            ; altera_avalon_mm_clock_crossing_bridge          ; --         ;
; IP_TOOL_ENV                           ; Qsys                                                         ; --            ; altera_avalon_sc_fifo                           ; --         ;
; IP_TOOL_ENV                           ; Qsys                                                         ; --            ; altera_avalon_st_handshake_clock_crosser        ; --         ;
; IP_TOOL_ENV                           ; Qsys                                                         ; --            ; altera_irq_clock_crosser                        ; --         ;
; IP_TOOL_ENV                           ; Qsys                                                         ; --            ; altera_mem_if_dll_cyclonev                      ; --         ;
; IP_TOOL_ENV                           ; Qsys                                                         ; --            ; altera_mem_if_oct_cyclonev                      ; --         ;
; IP_TOOL_ENV                           ; Qsys                                                         ; --            ; altera_merlin_master_agent                      ; --         ;
; IP_TOOL_ENV                           ; Qsys                                                         ; --            ; altera_merlin_master_translator                 ; --         ;
; IP_TOOL_ENV                           ; Qsys                                                         ; --            ; altera_merlin_slave_agent                       ; --         ;
; IP_TOOL_ENV                           ; Qsys                                                         ; --            ; altera_merlin_slave_translator                  ; --         ;
; IP_TOOL_ENV                           ; Qsys                                                         ; --            ; altera_merlin_traffic_limiter                   ; --         ;
; IP_TOOL_ENV                           ; Qsys                                                         ; --            ; altera_merlin_width_adapter                     ; --         ;
; IP_TOOL_ENV                           ; Qsys                                                         ; --            ; altera_reset_controller                         ; --         ;
; IP_TOOL_ENV                           ; Qsys                                                         ; --            ; audio_nios                                      ; --         ;
; IP_TOOL_ENV                           ; Qsys                                                         ; --            ; audio_nios_DDR3                                 ; --         ;
; IP_TOOL_ENV                           ; Qsys                                                         ; --            ; audio_nios_DDR3_c0                              ; --         ;
; IP_TOOL_ENV                           ; Qsys                                                         ; --            ; audio_nios_DDR3_p0                              ; --         ;
; IP_TOOL_ENV                           ; Qsys                                                         ; --            ; audio_nios_DDR3_pll0                            ; --         ;
; IP_TOOL_ENV                           ; Qsys                                                         ; --            ; audio_nios_DDR3_s0                              ; --         ;
; IP_TOOL_ENV                           ; Qsys                                                         ; --            ; audio_nios_altpll                               ; --         ;
; IP_TOOL_ENV                           ; Qsys                                                         ; --            ; audio_nios_altpll_audio                         ; --         ;
; IP_TOOL_ENV                           ; Qsys                                                         ; --            ; audio_nios_cpu                                  ; --         ;
; IP_TOOL_ENV                           ; Qsys                                                         ; --            ; audio_nios_i2c_scl                              ; --         ;
; IP_TOOL_ENV                           ; Qsys                                                         ; --            ; audio_nios_i2c_sda                              ; --         ;
; IP_TOOL_ENV                           ; Qsys                                                         ; --            ; audio_nios_irq_mapper                           ; --         ;
; IP_TOOL_ENV                           ; Qsys                                                         ; --            ; audio_nios_jtag_uart                            ; --         ;
; IP_TOOL_ENV                           ; Qsys                                                         ; --            ; audio_nios_key                                  ; --         ;
; IP_TOOL_ENV                           ; Qsys                                                         ; --            ; audio_nios_mm_interconnect_0                    ; --         ;
; IP_TOOL_ENV                           ; Qsys                                                         ; --            ; audio_nios_mm_interconnect_0_addr_router        ; --         ;
; IP_TOOL_ENV                           ; Qsys                                                         ; --            ; audio_nios_mm_interconnect_0_addr_router_001    ; --         ;
; IP_TOOL_ENV                           ; Qsys                                                         ; --            ; audio_nios_mm_interconnect_0_cmd_xbar_demux     ; --         ;
; IP_TOOL_ENV                           ; Qsys                                                         ; --            ; audio_nios_mm_interconnect_0_cmd_xbar_demux_001 ; --         ;
; IP_TOOL_ENV                           ; Qsys                                                         ; --            ; audio_nios_mm_interconnect_0_cmd_xbar_mux       ; --         ;
; IP_TOOL_ENV                           ; Qsys                                                         ; --            ; audio_nios_mm_interconnect_0_cmd_xbar_mux_002   ; --         ;
; IP_TOOL_ENV                           ; Qsys                                                         ; --            ; audio_nios_mm_interconnect_0_cmd_xbar_mux_004   ; --         ;
; IP_TOOL_ENV                           ; Qsys                                                         ; --            ; audio_nios_mm_interconnect_0_cmd_xbar_mux_005   ; --         ;
; IP_TOOL_ENV                           ; Qsys                                                         ; --            ; audio_nios_mm_interconnect_0_cmd_xbar_mux_006   ; --         ;
; IP_TOOL_ENV                           ; Qsys                                                         ; --            ; audio_nios_mm_interconnect_0_id_router          ; --         ;
; IP_TOOL_ENV                           ; Qsys                                                         ; --            ; audio_nios_mm_interconnect_0_id_router_002      ; --         ;
; IP_TOOL_ENV                           ; Qsys                                                         ; --            ; audio_nios_mm_interconnect_0_id_router_004      ; --         ;
; IP_TOOL_ENV                           ; Qsys                                                         ; --            ; audio_nios_mm_interconnect_0_id_router_005      ; --         ;
; IP_TOOL_ENV                           ; Qsys                                                         ; --            ; audio_nios_mm_interconnect_0_id_router_006      ; --         ;
; IP_TOOL_ENV                           ; Qsys                                                         ; --            ; audio_nios_mm_interconnect_0_rsp_xbar_demux     ; --         ;
; IP_TOOL_ENV                           ; Qsys                                                         ; --            ; audio_nios_mm_interconnect_0_rsp_xbar_demux_002 ; --         ;
; IP_TOOL_ENV                           ; Qsys                                                         ; --            ; audio_nios_mm_interconnect_0_rsp_xbar_demux_004 ; --         ;
; IP_TOOL_ENV                           ; Qsys                                                         ; --            ; audio_nios_mm_interconnect_0_rsp_xbar_demux_005 ; --         ;
; IP_TOOL_ENV                           ; Qsys                                                         ; --            ; audio_nios_mm_interconnect_0_rsp_xbar_demux_006 ; --         ;
; IP_TOOL_ENV                           ; Qsys                                                         ; --            ; audio_nios_mm_interconnect_0_rsp_xbar_mux       ; --         ;
; IP_TOOL_ENV                           ; Qsys                                                         ; --            ; audio_nios_mm_interconnect_0_rsp_xbar_mux_001   ; --         ;
; IP_TOOL_ENV                           ; Qsys                                                         ; --            ; audio_nios_mm_interconnect_1                    ; --         ;
; IP_TOOL_ENV                           ; Qsys                                                         ; --            ; audio_nios_mm_interconnect_1_addr_router        ; --         ;
; IP_TOOL_ENV                           ; Qsys                                                         ; --            ; audio_nios_mm_interconnect_1_cmd_xbar_demux     ; --         ;
; IP_TOOL_ENV                           ; Qsys                                                         ; --            ; audio_nios_mm_interconnect_1_cmd_xbar_mux       ; --         ;
; IP_TOOL_ENV                           ; Qsys                                                         ; --            ; audio_nios_mm_interconnect_1_id_router          ; --         ;
; IP_TOOL_ENV                           ; Qsys                                                         ; --            ; audio_nios_mm_interconnect_1_rsp_xbar_demux     ; --         ;
; IP_TOOL_ENV                           ; Qsys                                                         ; --            ; audio_nios_mm_interconnect_1_rsp_xbar_mux       ; --         ;
; IP_TOOL_ENV                           ; Qsys                                                         ; --            ; audio_nios_onchip_memory2_1                     ; --         ;
; IP_TOOL_ENV                           ; Qsys                                                         ; --            ; audio_nios_pio_led                              ; --         ;
; IP_TOOL_ENV                           ; Qsys                                                         ; --            ; audio_nios_spi_temperature                      ; --         ;
; IP_TOOL_ENV                           ; Qsys                                                         ; --            ; audio_nios_sysid_qsys                           ; --         ;
; IP_TOOL_ENV                           ; Qsys                                                         ; --            ; audio_nios_timer                                ; --         ;
; IP_TOOL_ENV                           ; mwpim                                                        ; --            ; pll_altera                                      ; --         ;
; IP_TOOL_ENV                           ; mwpim                                                        ; --            ; pll_altera                                      ; --         ;
; IP_TOOL_ENV                           ; mwpim                                                        ; --            ; pll_altera_0002                                 ; --         ;
; IP_TOOL_NAME                          ; altera_mem_if_ddr3_afi_mux                                   ; --            ; afi_mux_ddr3_ddrx                               ; --         ;
; IP_TOOL_NAME                          ; alt_mem_ddrx_mm_st_converter                                 ; --            ; alt_mem_ddrx_mm_st_converter                    ; --         ;
; IP_TOOL_NAME                          ; altera_mem_if_nextgen_ddr3_controller_core                   ; --            ; alt_mem_if_nextgen_ddr3_controller_core         ; --         ;
; IP_TOOL_NAME                          ; altera_avalon_mm_clock_crossing_bridge                       ; --            ; altera_avalon_mm_clock_crossing_bridge          ; --         ;
; IP_TOOL_NAME                          ; altera_avalon_sc_fifo                                        ; --            ; altera_avalon_sc_fifo                           ; --         ;
; IP_TOOL_NAME                          ; altera_avalon_st_handshake_clock_crosser                     ; --            ; altera_avalon_st_handshake_clock_crosser        ; --         ;
; IP_TOOL_NAME                          ; altera_irq_clock_crosser                                     ; --            ; altera_irq_clock_crosser                        ; --         ;
; IP_TOOL_NAME                          ; altera_mem_if_dll                                            ; --            ; altera_mem_if_dll_cyclonev                      ; --         ;
; IP_TOOL_NAME                          ; altera_mem_if_oct                                            ; --            ; altera_mem_if_oct_cyclonev                      ; --         ;
; IP_TOOL_NAME                          ; altera_merlin_master_agent                                   ; --            ; altera_merlin_master_agent                      ; --         ;
; IP_TOOL_NAME                          ; altera_merlin_master_translator                              ; --            ; altera_merlin_master_translator                 ; --         ;
; IP_TOOL_NAME                          ; altera_merlin_slave_agent                                    ; --            ; altera_merlin_slave_agent                       ; --         ;
; IP_TOOL_NAME                          ; altera_merlin_slave_translator                               ; --            ; altera_merlin_slave_translator                  ; --         ;
; IP_TOOL_NAME                          ; altera_merlin_traffic_limiter                                ; --            ; altera_merlin_traffic_limiter                   ; --         ;
; IP_TOOL_NAME                          ; altera_merlin_width_adapter                                  ; --            ; altera_merlin_width_adapter                     ; --         ;
; IP_TOOL_NAME                          ; altera_reset_controller                                      ; --            ; altera_reset_controller                         ; --         ;
; IP_TOOL_NAME                          ; Qsys                                                         ; --            ; audio_nios                                      ; --         ;
; IP_TOOL_NAME                          ; altera_mem_if_ddr3_emif                                      ; --            ; audio_nios_DDR3                                 ; --         ;
; IP_TOOL_NAME                          ; altera_mem_if_nextgen_ddr3_controller                        ; --            ; audio_nios_DDR3_c0                              ; --         ;
; IP_TOOL_NAME                          ; altera_mem_if_ddr3_phy_core                                  ; --            ; audio_nios_DDR3_p0                              ; --         ;
; IP_TOOL_NAME                          ; altera_mem_if_ddr3_pll                                       ; --            ; audio_nios_DDR3_pll0                            ; --         ;
; IP_TOOL_NAME                          ; altera_mem_if_ddr3_qseq                                      ; --            ; audio_nios_DDR3_s0                              ; --         ;
; IP_TOOL_NAME                          ; altera_pll                                                   ; --            ; audio_nios_altpll                               ; --         ;
; IP_TOOL_NAME                          ; altera_pll                                                   ; --            ; audio_nios_altpll_audio                         ; --         ;
; IP_TOOL_NAME                          ; altera_nios2_qsys                                            ; --            ; audio_nios_cpu                                  ; --         ;
; IP_TOOL_NAME                          ; altera_avalon_pio                                            ; --            ; audio_nios_i2c_scl                              ; --         ;
; IP_TOOL_NAME                          ; altera_avalon_pio                                            ; --            ; audio_nios_i2c_sda                              ; --         ;
; IP_TOOL_NAME                          ; altera_irq_mapper                                            ; --            ; audio_nios_irq_mapper                           ; --         ;
; IP_TOOL_NAME                          ; altera_avalon_jtag_uart                                      ; --            ; audio_nios_jtag_uart                            ; --         ;
; IP_TOOL_NAME                          ; altera_avalon_pio                                            ; --            ; audio_nios_key                                  ; --         ;
; IP_TOOL_NAME                          ; altera_merlin_interconnect_wrapper                           ; --            ; audio_nios_mm_interconnect_0                    ; --         ;
; IP_TOOL_NAME                          ; altera_merlin_router                                         ; --            ; audio_nios_mm_interconnect_0_addr_router        ; --         ;
; IP_TOOL_NAME                          ; altera_merlin_router                                         ; --            ; audio_nios_mm_interconnect_0_addr_router_001    ; --         ;
; IP_TOOL_NAME                          ; altera_merlin_demultiplexer                                  ; --            ; audio_nios_mm_interconnect_0_cmd_xbar_demux     ; --         ;
; IP_TOOL_NAME                          ; altera_merlin_demultiplexer                                  ; --            ; audio_nios_mm_interconnect_0_cmd_xbar_demux_001 ; --         ;
; IP_TOOL_NAME                          ; altera_merlin_multiplexer                                    ; --            ; audio_nios_mm_interconnect_0_cmd_xbar_mux       ; --         ;
; IP_TOOL_NAME                          ; altera_merlin_multiplexer                                    ; --            ; audio_nios_mm_interconnect_0_cmd_xbar_mux_002   ; --         ;
; IP_TOOL_NAME                          ; altera_merlin_multiplexer                                    ; --            ; audio_nios_mm_interconnect_0_cmd_xbar_mux_004   ; --         ;
; IP_TOOL_NAME                          ; altera_merlin_multiplexer                                    ; --            ; audio_nios_mm_interconnect_0_cmd_xbar_mux_005   ; --         ;
; IP_TOOL_NAME                          ; altera_merlin_multiplexer                                    ; --            ; audio_nios_mm_interconnect_0_cmd_xbar_mux_006   ; --         ;
; IP_TOOL_NAME                          ; altera_merlin_router                                         ; --            ; audio_nios_mm_interconnect_0_id_router          ; --         ;
; IP_TOOL_NAME                          ; altera_merlin_router                                         ; --            ; audio_nios_mm_interconnect_0_id_router_002      ; --         ;
; IP_TOOL_NAME                          ; altera_merlin_router                                         ; --            ; audio_nios_mm_interconnect_0_id_router_004      ; --         ;
; IP_TOOL_NAME                          ; altera_merlin_router                                         ; --            ; audio_nios_mm_interconnect_0_id_router_005      ; --         ;
; IP_TOOL_NAME                          ; altera_merlin_router                                         ; --            ; audio_nios_mm_interconnect_0_id_router_006      ; --         ;
; IP_TOOL_NAME                          ; altera_merlin_demultiplexer                                  ; --            ; audio_nios_mm_interconnect_0_rsp_xbar_demux     ; --         ;
; IP_TOOL_NAME                          ; altera_merlin_demultiplexer                                  ; --            ; audio_nios_mm_interconnect_0_rsp_xbar_demux_002 ; --         ;
; IP_TOOL_NAME                          ; altera_merlin_demultiplexer                                  ; --            ; audio_nios_mm_interconnect_0_rsp_xbar_demux_004 ; --         ;
; IP_TOOL_NAME                          ; altera_merlin_demultiplexer                                  ; --            ; audio_nios_mm_interconnect_0_rsp_xbar_demux_005 ; --         ;
; IP_TOOL_NAME                          ; altera_merlin_demultiplexer                                  ; --            ; audio_nios_mm_interconnect_0_rsp_xbar_demux_006 ; --         ;
; IP_TOOL_NAME                          ; altera_merlin_multiplexer                                    ; --            ; audio_nios_mm_interconnect_0_rsp_xbar_mux       ; --         ;
; IP_TOOL_NAME                          ; altera_merlin_multiplexer                                    ; --            ; audio_nios_mm_interconnect_0_rsp_xbar_mux_001   ; --         ;
; IP_TOOL_NAME                          ; altera_merlin_interconnect_wrapper                           ; --            ; audio_nios_mm_interconnect_1                    ; --         ;
; IP_TOOL_NAME                          ; altera_merlin_router                                         ; --            ; audio_nios_mm_interconnect_1_addr_router        ; --         ;
; IP_TOOL_NAME                          ; altera_merlin_demultiplexer                                  ; --            ; audio_nios_mm_interconnect_1_cmd_xbar_demux     ; --         ;
; IP_TOOL_NAME                          ; altera_merlin_multiplexer                                    ; --            ; audio_nios_mm_interconnect_1_cmd_xbar_mux       ; --         ;
; IP_TOOL_NAME                          ; altera_merlin_router                                         ; --            ; audio_nios_mm_interconnect_1_id_router          ; --         ;
; IP_TOOL_NAME                          ; altera_merlin_demultiplexer                                  ; --            ; audio_nios_mm_interconnect_1_rsp_xbar_demux     ; --         ;
; IP_TOOL_NAME                          ; altera_merlin_multiplexer                                    ; --            ; audio_nios_mm_interconnect_1_rsp_xbar_mux       ; --         ;
; IP_TOOL_NAME                          ; altera_avalon_onchip_memory2                                 ; --            ; audio_nios_onchip_memory2_1                     ; --         ;
; IP_TOOL_NAME                          ; altera_avalon_pio                                            ; --            ; audio_nios_pio_led                              ; --         ;
; IP_TOOL_NAME                          ; altera_avalon_spi                                            ; --            ; audio_nios_spi_temperature                      ; --         ;
; IP_TOOL_NAME                          ; altera_avalon_sysid_qsys                                     ; --            ; audio_nios_sysid_qsys                           ; --         ;
; IP_TOOL_NAME                          ; altera_avalon_timer                                          ; --            ; audio_nios_timer                                ; --         ;
; IP_TOOL_NAME                          ; altera_pll                                                   ; --            ; pll_altera                                      ; --         ;
; IP_TOOL_NAME                          ; altera_pll                                                   ; --            ; pll_altera                                      ; --         ;
; IP_TOOL_NAME                          ; altera_pll                                                   ; --            ; pll_altera_0002                                 ; --         ;
; IP_TOOL_VERSION                       ; 13.1                                                         ; --            ; afi_mux_ddr3_ddrx                               ; --         ;
; IP_TOOL_VERSION                       ; 13.1                                                         ; --            ; alt_mem_ddrx_mm_st_converter                    ; --         ;
; IP_TOOL_VERSION                       ; 13.1                                                         ; --            ; alt_mem_if_nextgen_ddr3_controller_core         ; --         ;
; IP_TOOL_VERSION                       ; 13.1                                                         ; --            ; altera_avalon_mm_clock_crossing_bridge          ; --         ;
; IP_TOOL_VERSION                       ; 13.1                                                         ; --            ; altera_avalon_sc_fifo                           ; --         ;
; IP_TOOL_VERSION                       ; 13.1                                                         ; --            ; altera_avalon_st_handshake_clock_crosser        ; --         ;
; IP_TOOL_VERSION                       ; 13.1                                                         ; --            ; altera_irq_clock_crosser                        ; --         ;
; IP_TOOL_VERSION                       ; 13.1                                                         ; --            ; altera_mem_if_dll_cyclonev                      ; --         ;
; IP_TOOL_VERSION                       ; 13.1                                                         ; --            ; altera_mem_if_oct_cyclonev                      ; --         ;
; IP_TOOL_VERSION                       ; 13.1                                                         ; --            ; altera_merlin_master_agent                      ; --         ;
; IP_TOOL_VERSION                       ; 13.1                                                         ; --            ; altera_merlin_master_translator                 ; --         ;
; IP_TOOL_VERSION                       ; 13.1                                                         ; --            ; altera_merlin_slave_agent                       ; --         ;
; IP_TOOL_VERSION                       ; 13.1                                                         ; --            ; altera_merlin_slave_translator                  ; --         ;
; IP_TOOL_VERSION                       ; 13.1                                                         ; --            ; altera_merlin_traffic_limiter                   ; --         ;
; IP_TOOL_VERSION                       ; 13.1                                                         ; --            ; altera_merlin_width_adapter                     ; --         ;
; IP_TOOL_VERSION                       ; 13.1                                                         ; --            ; altera_reset_controller                         ; --         ;
; IP_TOOL_VERSION                       ; 13.1                                                         ; --            ; audio_nios                                      ; --         ;
; IP_TOOL_VERSION                       ; 13.1                                                         ; --            ; audio_nios_DDR3                                 ; --         ;
; IP_TOOL_VERSION                       ; 13.1                                                         ; --            ; audio_nios_DDR3_c0                              ; --         ;
; IP_TOOL_VERSION                       ; 13.1                                                         ; --            ; audio_nios_DDR3_p0                              ; --         ;
; IP_TOOL_VERSION                       ; 13.1                                                         ; --            ; audio_nios_DDR3_pll0                            ; --         ;
; IP_TOOL_VERSION                       ; 13.1                                                         ; --            ; audio_nios_DDR3_s0                              ; --         ;
; IP_TOOL_VERSION                       ; 13.1                                                         ; --            ; audio_nios_altpll                               ; --         ;
; IP_TOOL_VERSION                       ; 13.1                                                         ; --            ; audio_nios_altpll_audio                         ; --         ;
; IP_TOOL_VERSION                       ; 13.1                                                         ; --            ; audio_nios_cpu                                  ; --         ;
; IP_TOOL_VERSION                       ; 13.1                                                         ; --            ; audio_nios_i2c_scl                              ; --         ;
; IP_TOOL_VERSION                       ; 13.1                                                         ; --            ; audio_nios_i2c_sda                              ; --         ;
; IP_TOOL_VERSION                       ; 13.1                                                         ; --            ; audio_nios_irq_mapper                           ; --         ;
; IP_TOOL_VERSION                       ; 13.1                                                         ; --            ; audio_nios_jtag_uart                            ; --         ;
; IP_TOOL_VERSION                       ; 13.1                                                         ; --            ; audio_nios_key                                  ; --         ;
; IP_TOOL_VERSION                       ; 13.1                                                         ; --            ; audio_nios_mm_interconnect_0                    ; --         ;
; IP_TOOL_VERSION                       ; 13.1                                                         ; --            ; audio_nios_mm_interconnect_0_addr_router        ; --         ;
; IP_TOOL_VERSION                       ; 13.1                                                         ; --            ; audio_nios_mm_interconnect_0_addr_router_001    ; --         ;
; IP_TOOL_VERSION                       ; 13.1                                                         ; --            ; audio_nios_mm_interconnect_0_cmd_xbar_demux     ; --         ;
; IP_TOOL_VERSION                       ; 13.1                                                         ; --            ; audio_nios_mm_interconnect_0_cmd_xbar_demux_001 ; --         ;
; IP_TOOL_VERSION                       ; 13.1                                                         ; --            ; audio_nios_mm_interconnect_0_cmd_xbar_mux       ; --         ;
; IP_TOOL_VERSION                       ; 13.1                                                         ; --            ; audio_nios_mm_interconnect_0_cmd_xbar_mux_002   ; --         ;
; IP_TOOL_VERSION                       ; 13.1                                                         ; --            ; audio_nios_mm_interconnect_0_cmd_xbar_mux_004   ; --         ;
; IP_TOOL_VERSION                       ; 13.1                                                         ; --            ; audio_nios_mm_interconnect_0_cmd_xbar_mux_005   ; --         ;
; IP_TOOL_VERSION                       ; 13.1                                                         ; --            ; audio_nios_mm_interconnect_0_cmd_xbar_mux_006   ; --         ;
; IP_TOOL_VERSION                       ; 13.1                                                         ; --            ; audio_nios_mm_interconnect_0_id_router          ; --         ;
; IP_TOOL_VERSION                       ; 13.1                                                         ; --            ; audio_nios_mm_interconnect_0_id_router_002      ; --         ;
; IP_TOOL_VERSION                       ; 13.1                                                         ; --            ; audio_nios_mm_interconnect_0_id_router_004      ; --         ;
; IP_TOOL_VERSION                       ; 13.1                                                         ; --            ; audio_nios_mm_interconnect_0_id_router_005      ; --         ;
; IP_TOOL_VERSION                       ; 13.1                                                         ; --            ; audio_nios_mm_interconnect_0_id_router_006      ; --         ;
; IP_TOOL_VERSION                       ; 13.1                                                         ; --            ; audio_nios_mm_interconnect_0_rsp_xbar_demux     ; --         ;
; IP_TOOL_VERSION                       ; 13.1                                                         ; --            ; audio_nios_mm_interconnect_0_rsp_xbar_demux_002 ; --         ;
; IP_TOOL_VERSION                       ; 13.1                                                         ; --            ; audio_nios_mm_interconnect_0_rsp_xbar_demux_004 ; --         ;
; IP_TOOL_VERSION                       ; 13.1                                                         ; --            ; audio_nios_mm_interconnect_0_rsp_xbar_demux_005 ; --         ;
; IP_TOOL_VERSION                       ; 13.1                                                         ; --            ; audio_nios_mm_interconnect_0_rsp_xbar_demux_006 ; --         ;
; IP_TOOL_VERSION                       ; 13.1                                                         ; --            ; audio_nios_mm_interconnect_0_rsp_xbar_mux       ; --         ;
; IP_TOOL_VERSION                       ; 13.1                                                         ; --            ; audio_nios_mm_interconnect_0_rsp_xbar_mux_001   ; --         ;
; IP_TOOL_VERSION                       ; 13.1                                                         ; --            ; audio_nios_mm_interconnect_1                    ; --         ;
; IP_TOOL_VERSION                       ; 13.1                                                         ; --            ; audio_nios_mm_interconnect_1_addr_router        ; --         ;
; IP_TOOL_VERSION                       ; 13.1                                                         ; --            ; audio_nios_mm_interconnect_1_cmd_xbar_demux     ; --         ;
; IP_TOOL_VERSION                       ; 13.1                                                         ; --            ; audio_nios_mm_interconnect_1_cmd_xbar_mux       ; --         ;
; IP_TOOL_VERSION                       ; 13.1                                                         ; --            ; audio_nios_mm_interconnect_1_id_router          ; --         ;
; IP_TOOL_VERSION                       ; 13.1                                                         ; --            ; audio_nios_mm_interconnect_1_rsp_xbar_demux     ; --         ;
; IP_TOOL_VERSION                       ; 13.1                                                         ; --            ; audio_nios_mm_interconnect_1_rsp_xbar_mux       ; --         ;
; IP_TOOL_VERSION                       ; 13.1                                                         ; --            ; audio_nios_onchip_memory2_1                     ; --         ;
; IP_TOOL_VERSION                       ; 13.1                                                         ; --            ; audio_nios_pio_led                              ; --         ;
; IP_TOOL_VERSION                       ; 13.1                                                         ; --            ; audio_nios_spi_temperature                      ; --         ;
; IP_TOOL_VERSION                       ; 13.1                                                         ; --            ; audio_nios_sysid_qsys                           ; --         ;
; IP_TOOL_VERSION                       ; 13.1                                                         ; --            ; audio_nios_timer                                ; --         ;
; IP_TOOL_VERSION                       ; 13.0                                                         ; --            ; pll_altera                                      ; --         ;
; IP_TOOL_VERSION                       ; 13.0                                                         ; --            ; pll_altera                                      ; --         ;
; IP_TOOL_VERSION                       ; 13.0                                                         ; --            ; pll_altera_0002                                 ; --         ;
; MAX_CORE_JUNCTION_TEMP                ; 85                                                           ; --            ; --                                              ; --         ;
; MIN_CORE_JUNCTION_TEMP                ; 0                                                            ; --            ; --                                              ; --         ;
; MISC_FILE                             ; pll_altera_sim/pll_altera.vo                                 ; --            ; --                                              ; --         ;
; MISC_FILE                             ; audio_nios/synthesis/../../audio_nios.cmp                    ; --            ; --                                              ; --         ;
; MISC_FILE                             ; audio_nios/synthesis/../../audio_nios.qsys                   ; --            ; --                                              ; --         ;
; MISC_FILE                             ; audio_nios/synthesis/submodules/alt_mem_ddrx_define.iv       ; --            ; --                                              ; --         ;
; MISC_FILE                             ; pll_altera.cmp                                               ; --            ; --                                              ; --         ;
; PARTITION_COLOR                       ; 16764057                                                     ; --            ; --                                              ; Top        ;
; PARTITION_FITTER_PRESERVATION_LEVEL   ; PLACEMENT_AND_ROUTING                                        ; --            ; --                                              ; Top        ;
; PARTITION_NETLIST_TYPE                ; SOURCE                                                       ; --            ; --                                              ; Top        ;
; PROJECT_OUTPUT_DIRECTORY              ; output_files                                                 ; --            ; --                                              ; --         ;
; SLD_FILE                              ; audio_nios/synthesis/audio_nios.regmap                       ; --            ; --                                              ; --         ;
; SLD_FILE                              ; audio_nios/synthesis/audio_nios.debuginfo                    ; --            ; --                                              ; --         ;
; SLD_INFO                              ; QSYS_NAME audio_nios HAS_SOPCINFO 1 GENERATION_ID 1387077895 ; --            ; audio_nios                                      ; --         ;
; SMART_RECOMPILE                       ; On                                                           ; Off           ; --                                              ; --         ;
; SOPCINFO_FILE                         ; audio_nios/synthesis/../../audio_nios.sopcinfo               ; --            ; --                                              ; --         ;
; SPD_FILE                              ; pll_altera.spd                                               ; --            ; --                                              ; --         ;
; SYNTHESIS_ONLY_QIP                    ; On                                                           ; --            ; --                                              ; --         ;
; SYNTHESIS_ONLY_QIP                    ; On                                                           ; --            ; --                                              ; --         ;
; TIMEQUEST_DO_REPORT_TIMING            ; On                                                           ; Off           ; --                                              ; --         ;
; USE_DLL_FREQUENCY_FOR_DQS_DELAY_CHAIN ; On                                                           ; Off           ; --                                              ; --         ;
+---------------------------------------+--------------------------------------------------------------+---------------+-------------------------------------------------+------------+


+-------------------------------------------------------------------------------------------------------------------------------+
; Flow Elapsed Time                                                                                                             ;
+---------------------------+--------------+-------------------------+---------------------+------------------------------------+
; Module Name               ; Elapsed Time ; Average Processors Used ; Peak Virtual Memory ; Total CPU Time (on all processors) ;
+---------------------------+--------------+-------------------------+---------------------+------------------------------------+
; Analysis & Synthesis      ; 00:02:07     ; 1.0                     ; 1180 MB             ; 00:01:44                           ;
; Fitter                    ; 00:14:20     ; 1.0                     ; 2759 MB             ; 00:09:22                           ;
; Assembler                 ; 00:00:55     ; 1.0                     ; 759 MB              ; 00:00:34                           ;
; TimeQuest Timing Analyzer ; 00:03:42     ; 1.0                     ; 1911 MB             ; 00:03:00                           ;
; Total                     ; 00:21:04     ; --                      ; --                  ; 00:14:40                           ;
+---------------------------+--------------+-------------------------+---------------------+------------------------------------+


+----------------------------------------------------------------------------------------+
; Flow OS Summary                                                                        ;
+---------------------------+------------------+-----------+------------+----------------+
; Module Name               ; Machine Hostname ; OS Name   ; OS Version ; Processor type ;
+---------------------------+------------------+-----------+------------+----------------+
; Analysis & Synthesis      ; Raymon-THINK     ; Windows 7 ; 6.1        ; x86_64         ;
; Fitter                    ; Raymon-THINK     ; Windows 7 ; 6.1        ; x86_64         ;
; Assembler                 ; Raymon-THINK     ; Windows 7 ; 6.1        ; x86_64         ;
; TimeQuest Timing Analyzer ; Raymon-THINK     ; Windows 7 ; 6.1        ; x86_64         ;
+---------------------------+------------------+-----------+------------+----------------+


------------
; Flow Log ;
------------
quartus_map --read_settings_files=on --write_settings_files=off SoCKit_Audio -c SoCKit_Audio
quartus_fit --read_settings_files=off --write_settings_files=off SoCKit_Audio -c SoCKit_Audio
quartus_asm --read_settings_files=on --write_settings_files=off SoCKit_Audio -c SoCKit_Audio
quartus_sta SoCKit_Audio -c SoCKit_Audio



